<?xml version="1.0" encoding="UTF-8"?>
<!-- Generated by org.testng.reporters.JUnitXMLReporter -->
<testsuite hostname="DESKTOP-CS3MQJD" ignored="1" name="Default test" tests="2" failures="0" timestamp="2022-06-09T18:46:21 IST" time="0.284" errors="0">
  <testcase name="hardassertPage_By" time="0.198" classname="testScripts.TestScript"/>
  <testcase name="softassertPage" time="0.044" classname="testScripts.TestScript"/>
  <testcase name="assertPage" time="0.0" classname="testScripts.TestScript">
    <ignored/>
  </testcase> <!-- assertPage -->
</testsuite> <!-- Default test -->
