<?xml version="1.0" encoding="UTF-8"?>
<!-- Generated by org.testng.reporters.JUnitXMLReporter -->
<testsuite hostname="DESKTOP-CS3MQJD" ignored="1" name="Default test" tests="2" failures="0" timestamp="2022-06-14T01:52:38 IST" time="0.252" errors="0">
  <testcase name="hardassertPage_By" time="0.174" classname="testScripts.TestScript2"/>
  <testcase name="softassertPage" time="0.035" classname="testScripts.TestScript2"/>
  <testcase name="assertPage" time="0.0" classname="testScripts.TestScript2">
    <ignored/>
  </testcase> <!-- assertPage -->
</testsuite> <!-- Default test -->
