<?xml version="1.0" encoding="UTF-8"?>
<!-- Generated by org.testng.reporters.JUnitXMLReporter -->
<testsuite hostname="DESKTOP-CS3MQJD" ignored="1" name="Test" tests="2" failures="0" timestamp="2022-06-13T15:26:05 IST" time="0.292" errors="0">
  <testcase name="hardassertPage_By" time="0.219" classname="testScripts.TestScript"/>
  <testcase name="softassertPage" time="0.035" classname="testScripts.TestScript"/>
  <testcase name="assertPage" time="0.0" classname="testScripts.TestScript">
    <ignored/>
  </testcase> <!-- assertPage -->
</testsuite> <!-- Test -->
