<?xml version="1.0" encoding="UTF-8"?>
<testsuite xmlns:xsi="http://www.w3.org/2001/XMLSchema-instance" xsi:noNamespaceSchemaLocation="https://maven.apache.org/surefire/maven-surefire-plugin/xsd/surefire-test-report-3.0.xsd" version="3.0" name="TestSuite" time="8.81" tests="2" errors="0" skipped="0" failures="0">
  <properties>
[...]
</properties>
  <testcase name="hardassertPage_By" classname="testScripts.TestScript" time="0.194">
    <system-out><![CDATA[[DEBUG] 2022-06-14 19:25:21.322 [main] InternalLoggerFactory - Using Log4J2 as the default logging framework
[DEBUG] 2022-06-14 19:25:21.338 [main] ResourceLeakDetector - -Dio.netty.leakDetection.level: simple
[DEBUG] 2022-06-14 19:25:21.339 [main] ResourceLeakDetector - -Dio.netty.leakDetection.targetRecords: 4
[DEBUG] 2022-06-14 19:25:21.346 [main] ResourceLeakDetectorFactory - Loaded default ResourceLeakDetector: io.netty.util.ResourceLeakDetector@546ccad7
[DEBUG] 2022-06-14 19:25:21.381 [main] PlatformDependent0 - -Dio.netty.noUnsafe: false
[DEBUG] 2022-06-14 19:25:21.382 [main] PlatformDependent0 - Java version: 8
[DEBUG] 2022-06-14 19:25:21.386 [main] PlatformDependent0 - sun.misc.Unsafe.theUnsafe: available
[DEBUG] 2022-06-14 19:25:21.388 [main] PlatformDependent0 - sun.misc.Unsafe.copyMemory: available
[DEBUG] 2022-06-14 19:25:21.389 [main] PlatformDependent0 - java.nio.Buffer.address: available
[DEBUG] 2022-06-14 19:25:21.390 [main] PlatformDependent0 - direct buffer constructor: available
[DEBUG] 2022-06-14 19:25:21.392 [main] PlatformDependent0 - java.nio.Bits.unaligned: available, true
[DEBUG] 2022-06-14 19:25:21.393 [main] PlatformDependent0 - jdk.internal.misc.Unsafe.allocateUninitializedArray(int): unavailable prior to Java9
[DEBUG] 2022-06-14 19:25:21.393 [main] PlatformDependent0 - java.nio.DirectByteBuffer.<init>(long, int): available
[DEBUG] 2022-06-14 19:25:21.394 [main] PlatformDependent - sun.misc.Unsafe: available
[DEBUG] 2022-06-14 19:25:21.395 [main] PlatformDependent - -Dio.netty.tmpdir: C:\Users\Lenovo\AppData\Local\Temp (java.io.tmpdir)
[DEBUG] 2022-06-14 19:25:21.395 [main] PlatformDependent - -Dio.netty.bitMode: 64 (sun.arch.data.model)
[DEBUG] 2022-06-14 19:25:21.396 [main] PlatformDependent - Platform: Windows
[DEBUG] 2022-06-14 19:25:21.398 [main] PlatformDependent - -Dio.netty.maxDirectMemory: 2841116672 bytes
[DEBUG] 2022-06-14 19:25:21.398 [main] PlatformDependent - -Dio.netty.uninitializedArrayAllocationThreshold: -1
[DEBUG] 2022-06-14 19:25:21.401 [main] CleanerJava6 - java.nio.ByteBuffer.cleaner(): available
[DEBUG] 2022-06-14 19:25:21.402 [main] PlatformDependent - -Dio.netty.noPreferDirect: false
[DEBUG] 2022-06-14 19:25:21.420 [main] PlatformDependent - org.jctools-core.MpscChunkedArrayQueue: available
[DEBUG] 2022-06-14 19:25:21.455 [main] InternalThreadLocalMap - -Dio.netty.threadLocalMap.stringBuilder.initialSize: 1024
[DEBUG] 2022-06-14 19:25:21.455 [main] InternalThreadLocalMap - -Dio.netty.threadLocalMap.stringBuilder.maxSize: 4096
[DEBUG] 2022-06-14 19:25:21.489 [main] JdkSslContext - Default protocols (JDK): [TLSv1.2] 
[DEBUG] 2022-06-14 19:25:21.490 [main] JdkSslContext - Default cipher suites (JDK): [TLS_ECDHE_ECDSA_WITH_AES_256_GCM_SHA384, TLS_ECDHE_ECDSA_WITH_AES_128_GCM_SHA256, TLS_ECDHE_RSA_WITH_AES_128_GCM_SHA256, TLS_ECDHE_RSA_WITH_AES_256_GCM_SHA384, TLS_ECDHE_RSA_WITH_AES_128_CBC_SHA, TLS_ECDHE_RSA_WITH_AES_256_CBC_SHA, TLS_RSA_WITH_AES_128_GCM_SHA256, TLS_RSA_WITH_AES_128_CBC_SHA, TLS_RSA_WITH_AES_256_CBC_SHA, TLS_AES_128_GCM_SHA256, TLS_AES_256_GCM_SHA384]
[DEBUG] 2022-06-14 19:25:21.526 [main] MultithreadEventLoopGroup - -Dio.netty.eventLoopThreads: 8
[DEBUG] 2022-06-14 19:25:21.538 [main] NioEventLoop - -Dio.netty.noKeySetOptimization: false
[DEBUG] 2022-06-14 19:25:21.539 [main] NioEventLoop - -Dio.netty.selectorAutoRebuildThreshold: 512
[DEBUG] 2022-06-14 19:25:21.585 [main] PooledByteBufAllocator - -Dio.netty.allocator.numHeapArenas: 8
[DEBUG] 2022-06-14 19:25:21.586 [main] PooledByteBufAllocator - -Dio.netty.allocator.numDirectArenas: 8
[DEBUG] 2022-06-14 19:25:21.586 [main] PooledByteBufAllocator - -Dio.netty.allocator.pageSize: 8192
[DEBUG] 2022-06-14 19:25:21.586 [main] PooledByteBufAllocator - -Dio.netty.allocator.maxOrder: 9
[DEBUG] 2022-06-14 19:25:21.586 [main] PooledByteBufAllocator - -Dio.netty.allocator.chunkSize: 4194304
[DEBUG] 2022-06-14 19:25:21.587 [main] PooledByteBufAllocator - -Dio.netty.allocator.smallCacheSize: 256
[DEBUG] 2022-06-14 19:25:21.587 [main] PooledByteBufAllocator - -Dio.netty.allocator.normalCacheSize: 64
[DEBUG] 2022-06-14 19:25:21.587 [main] PooledByteBufAllocator - -Dio.netty.allocator.maxCachedBufferCapacity: 32768
[DEBUG] 2022-06-14 19:25:21.587 [main] PooledByteBufAllocator - -Dio.netty.allocator.cacheTrimInterval: 8192
[DEBUG] 2022-06-14 19:25:21.587 [main] PooledByteBufAllocator - -Dio.netty.allocator.cacheTrimIntervalMillis: 0
[DEBUG] 2022-06-14 19:25:21.587 [main] PooledByteBufAllocator - -Dio.netty.allocator.useCacheForAllThreads: false
[DEBUG] 2022-06-14 19:25:21.587 [main] PooledByteBufAllocator - -Dio.netty.allocator.maxCachedByteBuffersPerChunk: 1023
[DEBUG] 2022-06-14 19:25:21.603 [main] ByteBufUtil - -Dio.netty.allocator.type: pooled
[DEBUG] 2022-06-14 19:25:21.603 [main] ByteBufUtil - -Dio.netty.threadLocalDirectBufferSize: 0
[DEBUG] 2022-06-14 19:25:21.603 [main] ByteBufUtil - -Dio.netty.maxThreadLocalCharBufferSize: 16384
[DEBUG] 2022-06-14 19:25:22.611 [Forwarding newSession on session null to remote] DefaultChannelId - -Dio.netty.processId: 2328 (auto-detected)
[DEBUG] 2022-06-14 19:25:22.614 [Forwarding newSession on session null to remote] NetUtil - -Djava.net.preferIPv4Stack: false
[DEBUG] 2022-06-14 19:25:22.614 [Forwarding newSession on session null to remote] NetUtil - -Djava.net.preferIPv6Addresses: false
[DEBUG] 2022-06-14 19:25:22.775 [Forwarding newSession on session null to remote] NetUtilInitializations - Loopback interface: lo (Software Loopback Interface 1, 127.0.0.1)
[DEBUG] 2022-06-14 19:25:22.776 [Forwarding newSession on session null to remote] NetUtil - Failed to get SOMAXCONN from sysctl and file \proc\sys\net\core\somaxconn. Default: 200
[DEBUG] 2022-06-14 19:25:22.950 [Forwarding newSession on session null to remote] DefaultChannelId - -Dio.netty.machineId: 40:f0:2f:ff:fe:ca:35:dd (auto-detected)
[DEBUG] 2022-06-14 19:25:23.026 [AsyncHttpClient-1-2] AbstractByteBuf - -Dio.netty.buffer.checkAccessible: true
[DEBUG] 2022-06-14 19:25:23.027 [AsyncHttpClient-1-2] AbstractByteBuf - -Dio.netty.buffer.checkBounds: true
[DEBUG] 2022-06-14 19:25:23.027 [AsyncHttpClient-1-2] ResourceLeakDetectorFactory - Loaded default ResourceLeakDetector: io.netty.util.ResourceLeakDetector@657ce686
[DEBUG] 2022-06-14 19:25:23.058 [AsyncHttpClient-1-2] Recycler - -Dio.netty.recycler.maxCapacityPerThread: 4096
[DEBUG] 2022-06-14 19:25:23.058 [AsyncHttpClient-1-2] Recycler - -Dio.netty.recycler.ratio: 8
[DEBUG] 2022-06-14 19:25:23.059 [AsyncHttpClient-1-2] Recycler - -Dio.netty.recycler.chunkSize: 32
[DEBUG] 2022-06-14 19:25:23.059 [AsyncHttpClient-1-2] Recycler - -Dio.netty.recycler.blocking: false
[DEBUG] 2022-06-14 19:25:23.910 [AsyncHttpClient-1-2] Brotli - brotli4j not in the classpath; Brotli support will be unavailable.
[DEBUG] 2022-06-14 19:25:24.160 [main] ThreadLocalRandom - -Dio.netty.initialSeedUniquifier: 0xe986669fd0c079c1
[INFO ] 2022-06-14 19:25:24.239 [main] Log4j2 - Initializing Browser
[INFO ] 2022-06-14 19:25:26.315 [main] Log4j2 - Launching Browser
Test Started :hardassertPage_By
true
true
[INFO ] 2022-06-14 19:25:26.514 [main] Log4j2 - Hard assert using By Annotattion
FindBy Annotation
[INFO ] 2022-06-14 19:25:26.563 [main] Log4j2 - Hard assert using Find By Annotattion
]]></system-out>
    <system-err><![CDATA[SLF4J: Failed to load class "org.slf4j.impl.StaticLoggerBinder".
SLF4J: Defaulting to no-operation (NOP) logger implementation
SLF4J: See http://www.slf4j.org/codes.html#StaticLoggerBinder for further details.
Starting ChromeDriver 102.0.5005.61 (0e59bcc00cc4985ce39ad31c150065f159d95ad3-refs/branch-heads/5005@{#819}) on port 58332
Only local connections are allowed.
Please see https://chromedriver.chromium.org/security-considerations for suggestions on keeping ChromeDriver safe.
ChromeDriver was started successfully.
Jun 14, 2022 7:25:24 PM org.openqa.selenium.remote.ProtocolHandshake createSession
INFO: Detected dialect: W3C
Jun 14, 2022 7:25:24 PM org.openqa.selenium.devtools.CdpVersionFinder findNearestMatch
WARNING: Unable to find an exact match for CDP version 102, so returning the closest version found: 101
Jun 14, 2022 7:25:24 PM org.openqa.selenium.devtools.CdpVersionFinder findNearestMatch
INFO: Found CDP implementation for version 102 of 101
]]></system-err>
  </testcase>
  <testcase name="softassertPage" classname="testScripts.TestScript" time="0.028">
    <system-out><![CDATA[Test Started :softassertPage
[INFO ] 2022-06-14 19:25:26.597 [main] Log4j2 - Soft assert
]]></system-out>
  </testcase>
</testsuite>