<?xml version="1.0" encoding="UTF-8"?>
<testng-results skipped="0" failed="0" ignored="1" total="3" passed="2">
  <reporter-output>
  </reporter-output>
  <suite name="Suite" duration-ms="280" started-at="2022-06-14T19:25:26 IST" finished-at="2022-06-14T19:25:26 IST">
    <groups>
    </groups>
    <test name="Test" duration-ms="280" started-at="2022-06-14T19:25:26 IST" finished-at="2022-06-14T19:25:26 IST">
      <class name="testScripts.TestScript">
        <test-method status="PASS" signature="InitializeBrowser()[pri:0, instance:testScripts.TestScript@6c130c45]" name="InitializeBrowser" is-config="true" duration-ms="6117" started-at="2022-06-14T19:25:20 IST" finished-at="2022-06-14T19:25:26 IST">
          <reporter-output>
          </reporter-output>
        </test-method> <!-- InitializeBrowser -->
        <test-method status="PASS" signature="hardassertPage_By()[pri:1, instance:testScripts.TestScript@6c130c45]" name="hardassertPage_By" duration-ms="217" started-at="2022-06-14T19:25:26 IST" finished-at="2022-06-14T19:25:26 IST">
          <reporter-output>
          </reporter-output>
        </test-method> <!-- hardassertPage_By -->
        <test-method status="PASS" signature="softassertPage()[pri:2, instance:testScripts.TestScript@6c130c45]" name="softassertPage" duration-ms="29" started-at="2022-06-14T19:25:26 IST" finished-at="2022-06-14T19:25:26 IST">
          <reporter-output>
          </reporter-output>
        </test-method> <!-- softassertPage -->
        <test-method status="PASS" signature="closeBrowser()[pri:0, instance:testScripts.TestScript@6c130c45]" name="closeBrowser" is-config="true" duration-ms="183" started-at="2022-06-14T19:25:26 IST" finished-at="2022-06-14T19:25:26 IST">
          <reporter-output>
          </reporter-output>
        </test-method> <!-- closeBrowser -->
      </class> <!-- testScripts.TestScript -->
    </test> <!-- Test -->
  </suite> <!-- Suite -->
</testng-results>
