<?xml version="1.0" encoding="UTF-8"?>
<testng-results skipped="0" failed="0" ignored="1" total="3" passed="2">
  <reporter-output>
  </reporter-output>
  <suite name="Default suite" duration-ms="252" started-at="2022-06-14T01:52:38 IST" finished-at="2022-06-14T01:52:38 IST">
    <groups>
    </groups>
    <test name="Default test" duration-ms="252" started-at="2022-06-14T01:52:38 IST" finished-at="2022-06-14T01:52:38 IST">
      <class name="testScripts.TestScript2">
        <test-method status="PASS" signature="InitializeBrowser()[pri:0, instance:testScripts.TestScript2@32b260fa]" name="InitializeBrowser" is-config="true" duration-ms="6131" started-at="2022-06-14T01:52:32 IST" finished-at="2022-06-14T01:52:38 IST">
          <reporter-output>
          </reporter-output>
        </test-method> <!-- InitializeBrowser -->
        <test-method status="PASS" signature="hardassertPage_By()[pri:1, instance:testScripts.TestScript2@32b260fa]" name="hardassertPage_By" duration-ms="174" started-at="2022-06-14T01:52:38 IST" finished-at="2022-06-14T01:52:38 IST">
          <reporter-output>
          </reporter-output>
        </test-method> <!-- hardassertPage_By -->
        <test-method status="PASS" signature="softassertPage()[pri:2, instance:testScripts.TestScript2@32b260fa]" name="softassertPage" duration-ms="35" started-at="2022-06-14T01:52:38 IST" finished-at="2022-06-14T01:52:38 IST">
          <reporter-output>
          </reporter-output>
        </test-method> <!-- softassertPage -->
        <test-method status="PASS" signature="closeBrowser()[pri:0, instance:testScripts.TestScript2@32b260fa]" name="closeBrowser" is-config="true" duration-ms="256" started-at="2022-06-14T01:52:38 IST" finished-at="2022-06-14T01:52:39 IST">
          <reporter-output>
          </reporter-output>
        </test-method> <!-- closeBrowser -->
      </class> <!-- testScripts.TestScript2 -->
    </test> <!-- Default test -->
  </suite> <!-- Default suite -->
</testng-results>
