<?xml version="1.0" encoding="UTF-8"?>
<testng-results skipped="0" failed="0" ignored="1" total="3" passed="2">
  <reporter-output>
  </reporter-output>
  <suite name="Suite" duration-ms="292" started-at="2022-06-13T15:26:05 IST" finished-at="2022-06-13T15:26:05 IST">
    <groups>
    </groups>
    <test name="Test" duration-ms="292" started-at="2022-06-13T15:26:05 IST" finished-at="2022-06-13T15:26:05 IST">
      <class name="testScripts.TestScript">
        <test-method status="PASS" signature="InitializeBrowser()[pri:0, instance:testScripts.TestScript@57d7f8ca]" name="InitializeBrowser" is-config="true" duration-ms="8467" started-at="2022-06-13T15:25:56 IST" finished-at="2022-06-13T15:26:05 IST">
          <reporter-output>
          </reporter-output>
        </test-method> <!-- InitializeBrowser -->
        <test-method status="PASS" signature="hardassertPage_By()[pri:1, instance:testScripts.TestScript@57d7f8ca]" name="hardassertPage_By" duration-ms="219" started-at="2022-06-13T15:26:05 IST" finished-at="2022-06-13T15:26:05 IST">
          <reporter-output>
          </reporter-output>
        </test-method> <!-- hardassertPage_By -->
        <test-method status="PASS" signature="softassertPage()[pri:2, instance:testScripts.TestScript@57d7f8ca]" name="softassertPage" duration-ms="35" started-at="2022-06-13T15:26:05 IST" finished-at="2022-06-13T15:26:05 IST">
          <reporter-output>
          </reporter-output>
        </test-method> <!-- softassertPage -->
        <test-method status="PASS" signature="closeBrowser()[pri:0, instance:testScripts.TestScript@57d7f8ca]" name="closeBrowser" is-config="true" duration-ms="285" started-at="2022-06-13T15:26:05 IST" finished-at="2022-06-13T15:26:06 IST">
          <reporter-output>
          </reporter-output>
        </test-method> <!-- closeBrowser -->
      </class> <!-- testScripts.TestScript -->
    </test> <!-- Test -->
  </suite> <!-- Suite -->
</testng-results>
